<?xml version="1.0" encoding="UTF-8"?>
<testsuite xmlns:xsi="http://www.w3.org/2001/XMLSchema-instance" xsi:noNamespaceSchemaLocation="https://maven.apache.org/surefire/maven-surefire-plugin/xsd/surefire-test-report.xsd" name="com.basic.FirstFeatureFile.RunFirstFeatureTest" time="8.151" tests="4" errors="0" skipped="0" failures="0">
  <properties>
[...]
</properties>
  <testcase name="Given Utente deve trovarsi nella pagina di login" classname="Scenario: Valida il campo First Name12" time="0.003"/>
  <testcase name="When Utente deve inserire il nome" classname="Scenario: Valida il campo First Name12" time="0"/>
  <testcase name="Then Utente controlla che il nome dell utente sia presente" classname="Scenario: Valida il campo First Name12" time="0"/>
  <testcase name="Scenario: Valida il campo First Name12" classname="Scenario: Valida il campo First Name12" time="0.001"/>
</testsuite>